<?xml version="1.0" encoding="UTF-8"?>
<!-- Generated by org.testng.reporters.JUnitReportReporter -->
<testsuite skipped="0" hostname="DESKTOP-E9QP468" name="Base.BaseClass" tests="1" failures="0" timestamp="12 Jan 2020 14:10:42 GMT" time="13.126" errors="0">
  <testcase name="TC_001" time="13.126" classname="Base.BaseClass"/>
</testsuite> <!-- Base.BaseClass -->
